<?xml version="1.0" encoding="UTF-8"?>
<!-- Generated by org.testng.reporters.JUnitReportReporter -->
<testsuite hostname="DESKTOP-14E9OCT" failures="0" tests="1" name="com.nibmsqa.testCases.TC_LoginTest_001" time="8.298" errors="0" timestamp="2022-05-15T09:07:36 IST" skipped="0">
  <testcase classname="com.nibmsqa.testCases.TC_LoginTest_001" name="loginTest" time="8.298"/>
  <system-out/>
</testsuite> <!-- com.nibmsqa.testCases.TC_LoginTest_001 -->
