<?xml version="1.0" encoding="UTF-8"?>
<!-- Generated by org.testng.reporters.JUnitReportReporter -->
<testsuite hostname="DESKTOP-14E9OCT" failures="0" tests="1" name="com.nibmsqa.testCases.TC_005_Flight_Booking_Page_Testing" time="5.417" errors="0" timestamp="2022-05-01T14:12:46 IST" skipped="0">
  <testcase classname="com.nibmsqa.testCases.TC_005_Flight_Booking_Page_Testing" name="loginTest" time="5.417"/>
  <system-out/>
</testsuite> <!-- com.nibmsqa.testCases.TC_005_Flight_Booking_Page_Testing -->
