<?xml version="1.0" encoding="UTF-8"?>
<!-- Generated by org.testng.reporters.JUnitReportReporter -->
<testsuite hostname="DESKTOP-14E9OCT" failures="0" tests="1" name="com.nibmsqa.testCases.TC_002_Search_Oneway_flights" time="31.272" errors="0" timestamp="2022-05-26T07:38:02 IST" skipped="0">
  <testcase classname="com.nibmsqa.testCases.TC_002_Search_Oneway_flights" name="loginTest" time="31.272"/>
  <system-out/>
</testsuite> <!-- com.nibmsqa.testCases.TC_002_Search_Oneway_flights -->
